<?xml version="1.0" encoding="UTF-8"?>
<!-- Generated by org.testng.reporters.JUnitXMLReporter -->
<testsuite ignored="0" hostname="W11VM-120" failures="0" tests="17" name="Surefire test" time="34.63" errors="0" timestamp="2024-12-11T18:05:00 MEZ">
  <testcase classname="executors.SauceDemoTest" name="_Test1" time="0.7"/>
  <testcase classname="executors.SauceDemoTest" name="_Test2" time="0.298"/>
  <testcase classname="executors.SauceDemoTest" name="_Test3" time="1.326"/>
  <testcase classname="executors.SauceDemoTest" name="_Test3" time="0.473"/>
  <testcase classname="executors.SauceDemoTest" name="_Test3" time="1.312"/>
  <testcase classname="executors.SauceDemoTest" name="_Test3" time="1.288"/>
  <testcase classname="executors.SauceDemoTest" name="_Test3" time="6.369"/>
  <testcase classname="executors.SauceDemoTest" name="_Test3" time="0.407"/>
  <testcase classname="executors.SauceDemoTest" name="_Test4" time="0.391"/>
  <testcase classname="executors.SauceDemoTest" name="_Test4" time="0.423"/>
  <testcase classname="executors.SauceDemoTest" name="_Test4" time="0.502"/>
  <testcase classname="executors.SauceDemoTest" name="_Test5" time="0.462"/>
  <testcase classname="executors.SauceDemoTest" name="_Test6" time="3.419"/>
  <testcase classname="executors.SauceDemoTest" name="_Test7" time="6.889"/>
  <testcase classname="executors.SauceDemoTest" name="_Test8" time="1.32"/>
  <testcase classname="executors.SauceDemoTest" name="_Test9" time="0.894"/>
  <testcase classname="executors.SauceDemoTest" name="test10" time="1.895"/>
</testsuite> <!-- Surefire test -->
