<?xml version="1.0" encoding="UTF-8"?>
<!-- Generated by org.testng.reporters.JUnitXMLReporter -->
<testsuite ignored="0" hostname="W11VM-120" failures="0" tests="17" name="Default test" time="34.7" errors="0" timestamp="2024-11-27T10:48:17 MEZ">
  <testcase classname="executors.SauceDemoTest" name="_Test1" time="0.674"/>
  <testcase classname="executors.SauceDemoTest" name="_Test2" time="0.362"/>
  <testcase classname="executors.SauceDemoTest" name="_Test3" time="1.347"/>
  <testcase classname="executors.SauceDemoTest" name="_Test3" time="0.493"/>
  <testcase classname="executors.SauceDemoTest" name="_Test3" time="1.288"/>
  <testcase classname="executors.SauceDemoTest" name="_Test3" time="1.275"/>
  <testcase classname="executors.SauceDemoTest" name="_Test3" time="6.341"/>
  <testcase classname="executors.SauceDemoTest" name="_Test3" time="0.414"/>
  <testcase classname="executors.SauceDemoTest" name="_Test4" time="0.41"/>
  <testcase classname="executors.SauceDemoTest" name="_Test4" time="0.392"/>
  <testcase classname="executors.SauceDemoTest" name="_Test4" time="0.439"/>
  <testcase classname="executors.SauceDemoTest" name="_Test5" time="0.471"/>
  <testcase classname="executors.SauceDemoTest" name="_Test6" time="3.355"/>
  <testcase classname="executors.SauceDemoTest" name="_Test7" time="5.672"/>
  <testcase classname="executors.SauceDemoTest" name="_Test8" time="1.878"/>
  <testcase classname="executors.SauceDemoTest" name="_Test9" time="1.104"/>
  <testcase classname="executors.SauceDemoTest" name="test10" time="2.182"/>
</testsuite> <!-- Default test -->
