<?xml version="1.0" encoding="UTF-8"?>
<!-- Generated by org.testng.reporters.JUnitXMLReporter -->
<testsuite ignored="0" hostname="W11VM-120" failures="0" tests="3" name="Default test" time="10.711" errors="0" timestamp="2025-05-07T10:46:23 MESZ">
  <testcase classname="executors.DemoInsuranceAppTestsuite1" name="_Test1" time="1.707"/>
  <testcase classname="executors.DemoInsuranceAppTestsuite1" name="_Test2" time="1.533"/>
  <testcase classname="executors.DemoInsuranceAppTestsuite1" name="_Test3" time="5.714"/>
</testsuite> <!-- Default test -->
