<?xml version="1.0" encoding="UTF-8"?>
<testng-results ignored="0" total="17" passed="17" failed="0" skipped="0">
  <reporter-output>
  </reporter-output>
  <suite started-at="2024-12-11T18:04:25 MEZ" name="Surefire suite" finished-at="2024-12-11T18:05:00 MEZ" duration-ms="34630">
    <groups>
      <group name="GSgroup">
        <method signature="SauceDemoTest._Test1()[pri:0, instance:executors.SauceDemoTest@3d2ee678]" name="_Test1" class="executors.SauceDemoTest"/>
        <method signature="SauceDemoTest._Test2()[pri:0, instance:executors.SauceDemoTest@3d2ee678]" name="_Test2" class="executors.SauceDemoTest"/>
        <method signature="SauceDemoTest._Test4(java.lang.String,java.lang.String)[pri:0, instance:executors.SauceDemoTest@3d2ee678]" name="_Test4" class="executors.SauceDemoTest"/>
        <method signature="SauceDemoTest._Test5()[pri:0, instance:executors.SauceDemoTest@3d2ee678]" name="_Test5" class="executors.SauceDemoTest"/>
        <method signature="SauceDemoTest._Test6()[pri:0, instance:executors.SauceDemoTest@3d2ee678]" name="_Test6" class="executors.SauceDemoTest"/>
        <method signature="SauceDemoTest._Test7()[pri:0, instance:executors.SauceDemoTest@3d2ee678]" name="_Test7" class="executors.SauceDemoTest"/>
        <method signature="SauceDemoTest._Test8()[pri:0, instance:executors.SauceDemoTest@3d2ee678]" name="_Test8" class="executors.SauceDemoTest"/>
        <method signature="SauceDemoTest._Test9()[pri:0, instance:executors.SauceDemoTest@3d2ee678]" name="_Test9" class="executors.SauceDemoTest"/>
        <method signature="SauceDemoTest.test10()[pri:0, instance:executors.SauceDemoTest@3d2ee678]" name="test10" class="executors.SauceDemoTest"/>
      </group> <!-- GSgroup -->
      <group name="ISgroup">
        <method signature="SauceDemoTest._Test3(java.lang.String,java.lang.String)[pri:0, instance:executors.SauceDemoTest@3d2ee678]" name="_Test3" class="executors.SauceDemoTest"/>
      </group> <!-- ISgroup -->
    </groups>
    <test started-at="2024-12-11T18:04:25 MEZ" name="Surefire test" finished-at="2024-12-11T18:05:00 MEZ" duration-ms="34630">
      <class name="executors.SauceDemoTest">
        <test-method is-config="true" signature="setUp()[pri:0, instance:executors.SauceDemoTest@3d2ee678]" started-at="2024-12-11T18:04:25 MEZ" name="setUp" finished-at="2024-12-11T18:04:27 MEZ" duration-ms="2099" status="PASS">
          <reporter-output>
          </reporter-output>
        </test-method> <!-- setUp -->
        <test-method signature="_Test1()[pri:0, instance:executors.SauceDemoTest@3d2ee678]" started-at="2024-12-11T18:04:27 MEZ" name="_Test1" finished-at="2024-12-11T18:04:28 MEZ" duration-ms="700" status="PASS">
          <reporter-output>
          </reporter-output>
        </test-method> <!-- _Test1 -->
        <test-method is-config="true" signature="tearDown(org.testng.ITestResult)[pri:0, instance:executors.SauceDemoTest@3d2ee678]" started-at="2024-12-11T18:04:28 MEZ" name="tearDown" finished-at="2024-12-11T18:04:29 MEZ" duration-ms="695" status="PASS">
          <params>
            <param index="0">
              <value>
                <![CDATA[[TestResult name=_Test1 status=SUCCESS method=SauceDemoTest._Test1()[pri:0, instance:executors.SauceDemoTest@3d2ee678] output={null}]]]>
              </value>
            </param>
          </params>
          <reporter-output>
          </reporter-output>
        </test-method> <!-- tearDown -->
        <test-method is-config="true" signature="setUp()[pri:0, instance:executors.SauceDemoTest@3d2ee678]" started-at="2024-12-11T18:04:29 MEZ" name="setUp" finished-at="2024-12-11T18:04:29 MEZ" duration-ms="158" status="PASS">
          <reporter-output>
          </reporter-output>
        </test-method> <!-- setUp -->
        <test-method signature="_Test2()[pri:0, instance:executors.SauceDemoTest@3d2ee678]" started-at="2024-12-11T18:04:29 MEZ" name="_Test2" finished-at="2024-12-11T18:04:29 MEZ" duration-ms="298" status="PASS">
          <reporter-output>
          </reporter-output>
        </test-method> <!-- _Test2 -->
        <test-method is-config="true" signature="tearDown(org.testng.ITestResult)[pri:0, instance:executors.SauceDemoTest@3d2ee678]" started-at="2024-12-11T18:04:29 MEZ" name="tearDown" finished-at="2024-12-11T18:04:29 MEZ" duration-ms="158" status="PASS">
          <params>
            <param index="0">
              <value>
                <![CDATA[[TestResult name=_Test2 status=SUCCESS method=SauceDemoTest._Test2()[pri:0, instance:executors.SauceDemoTest@3d2ee678] output={null}]]]>
              </value>
            </param>
          </params>
          <reporter-output>
          </reporter-output>
        </test-method> <!-- tearDown -->
        <test-method is-config="true" signature="setUp()[pri:0, instance:executors.SauceDemoTest@3d2ee678]" started-at="2024-12-11T18:04:29 MEZ" name="setUp" finished-at="2024-12-11T18:04:29 MEZ" duration-ms="72" status="PASS">
          <reporter-output>
          </reporter-output>
        </test-method> <!-- setUp -->
        <test-method signature="_Test3(java.lang.String,java.lang.String)[pri:0, instance:executors.SauceDemoTest@3d2ee678]" started-at="2024-12-11T18:04:29 MEZ" name="_Test3" data-provider="credentials" finished-at="2024-12-11T18:04:31 MEZ" duration-ms="1326" status="PASS">
          <params>
            <param index="0">
              <value>
                <![CDATA[standard_user]]>
              </value>
            </param>
            <param index="1">
              <value>
                <![CDATA[secret_sauce]]>
              </value>
            </param>
          </params>
          <reporter-output>
          </reporter-output>
        </test-method> <!-- _Test3 -->
        <test-method is-config="true" signature="setUp()[pri:0, instance:executors.SauceDemoTest@3d2ee678]" started-at="2024-12-11T18:04:31 MEZ" name="setUp" finished-at="2024-12-11T18:04:31 MEZ" duration-ms="119" status="PASS">
          <reporter-output>
          </reporter-output>
        </test-method> <!-- setUp -->
        <test-method signature="_Test3(java.lang.String,java.lang.String)[pri:0, instance:executors.SauceDemoTest@3d2ee678]" started-at="2024-12-11T18:04:31 MEZ" name="_Test3" data-provider="credentials" finished-at="2024-12-11T18:04:31 MEZ" duration-ms="473" status="PASS">
          <params>
            <param index="0">
              <value>
                <![CDATA[sauce_user]]>
              </value>
            </param>
            <param index="1">
              <value>
                <![CDATA[secret_sauce]]>
              </value>
            </param>
          </params>
          <reporter-output>
          </reporter-output>
        </test-method> <!-- _Test3 -->
        <test-method is-config="true" signature="setUp()[pri:0, instance:executors.SauceDemoTest@3d2ee678]" started-at="2024-12-11T18:04:31 MEZ" name="setUp" finished-at="2024-12-11T18:04:31 MEZ" duration-ms="76" status="PASS">
          <reporter-output>
          </reporter-output>
        </test-method> <!-- setUp -->
        <test-method signature="_Test3(java.lang.String,java.lang.String)[pri:0, instance:executors.SauceDemoTest@3d2ee678]" started-at="2024-12-11T18:04:31 MEZ" name="_Test3" data-provider="credentials" finished-at="2024-12-11T18:04:33 MEZ" duration-ms="1312" status="PASS">
          <params>
            <param index="0">
              <value>
                <![CDATA[problem_user]]>
              </value>
            </param>
            <param index="1">
              <value>
                <![CDATA[secret_sauce]]>
              </value>
            </param>
          </params>
          <reporter-output>
          </reporter-output>
        </test-method> <!-- _Test3 -->
        <test-method is-config="true" signature="setUp()[pri:0, instance:executors.SauceDemoTest@3d2ee678]" started-at="2024-12-11T18:04:33 MEZ" name="setUp" finished-at="2024-12-11T18:04:33 MEZ" duration-ms="71" status="PASS">
          <reporter-output>
          </reporter-output>
        </test-method> <!-- setUp -->
        <test-method signature="_Test3(java.lang.String,java.lang.String)[pri:0, instance:executors.SauceDemoTest@3d2ee678]" started-at="2024-12-11T18:04:33 MEZ" name="_Test3" data-provider="credentials" finished-at="2024-12-11T18:04:34 MEZ" duration-ms="1288" status="PASS">
          <params>
            <param index="0">
              <value>
                <![CDATA[visual_user]]>
              </value>
            </param>
            <param index="1">
              <value>
                <![CDATA[secret_sauce]]>
              </value>
            </param>
          </params>
          <reporter-output>
          </reporter-output>
        </test-method> <!-- _Test3 -->
        <test-method is-config="true" signature="setUp()[pri:0, instance:executors.SauceDemoTest@3d2ee678]" started-at="2024-12-11T18:04:34 MEZ" name="setUp" finished-at="2024-12-11T18:04:34 MEZ" duration-ms="82" status="PASS">
          <reporter-output>
          </reporter-output>
        </test-method> <!-- setUp -->
        <test-method signature="_Test3(java.lang.String,java.lang.String)[pri:0, instance:executors.SauceDemoTest@3d2ee678]" started-at="2024-12-11T18:04:34 MEZ" name="_Test3" data-provider="credentials" finished-at="2024-12-11T18:04:40 MEZ" duration-ms="6369" status="PASS">
          <params>
            <param index="0">
              <value>
                <![CDATA[performance_glitch_user]]>
              </value>
            </param>
            <param index="1">
              <value>
                <![CDATA[secret_sauce]]>
              </value>
            </param>
          </params>
          <reporter-output>
          </reporter-output>
        </test-method> <!-- _Test3 -->
        <test-method is-config="true" signature="setUp()[pri:0, instance:executors.SauceDemoTest@3d2ee678]" started-at="2024-12-11T18:04:40 MEZ" name="setUp" finished-at="2024-12-11T18:04:41 MEZ" duration-ms="77" status="PASS">
          <reporter-output>
          </reporter-output>
        </test-method> <!-- setUp -->
        <test-method signature="_Test3(java.lang.String,java.lang.String)[pri:0, instance:executors.SauceDemoTest@3d2ee678]" started-at="2024-12-11T18:04:41 MEZ" name="_Test3" data-provider="credentials" finished-at="2024-12-11T18:04:41 MEZ" duration-ms="407" status="PASS">
          <params>
            <param index="0">
              <value>
                <![CDATA[locked_out_user]]>
              </value>
            </param>
            <param index="1">
              <value>
                <![CDATA[secret_sauce]]>
              </value>
            </param>
          </params>
          <reporter-output>
          </reporter-output>
        </test-method> <!-- _Test3 -->
        <test-method is-config="true" signature="setUp()[pri:0, instance:executors.SauceDemoTest@3d2ee678]" started-at="2024-12-11T18:04:41 MEZ" name="setUp" finished-at="2024-12-11T18:04:41 MEZ" duration-ms="78" status="PASS">
          <reporter-output>
          </reporter-output>
        </test-method> <!-- setUp -->
        <test-method signature="_Test4(java.lang.String,java.lang.String)[pri:0, instance:executors.SauceDemoTest@3d2ee678]" started-at="2024-12-11T18:04:41 MEZ" name="_Test4" data-provider="myData" finished-at="2024-12-11T18:04:41 MEZ" duration-ms="391" status="PASS">
          <params>
            <param index="0">
              <value>
                <![CDATA[sophie@io.com]]>
              </value>
            </param>
            <param index="1">
              <value>
                <![CDATA[octagon]]>
              </value>
            </param>
          </params>
          <reporter-output>
          </reporter-output>
        </test-method> <!-- _Test4 -->
        <test-method is-config="true" signature="tearDown(org.testng.ITestResult)[pri:0, instance:executors.SauceDemoTest@3d2ee678]" started-at="2024-12-11T18:04:41 MEZ" name="tearDown" finished-at="2024-12-11T18:04:42 MEZ" duration-ms="188" status="PASS">
          <params>
            <param index="0">
              <value>
                <![CDATA[[TestResult name=_Test4 status=SUCCESS method=SauceDemoTest._Test4(java.lang.String,java.lang.String)[pri:0, instance:executors.SauceDemoTest@3d2ee678] output={null}]]]>
              </value>
            </param>
          </params>
          <reporter-output>
          </reporter-output>
        </test-method> <!-- tearDown -->
        <test-method is-config="true" signature="setUp()[pri:0, instance:executors.SauceDemoTest@3d2ee678]" started-at="2024-12-11T18:04:42 MEZ" name="setUp" finished-at="2024-12-11T18:04:42 MEZ" duration-ms="76" status="PASS">
          <reporter-output>
          </reporter-output>
        </test-method> <!-- setUp -->
        <test-method signature="_Test4(java.lang.String,java.lang.String)[pri:0, instance:executors.SauceDemoTest@3d2ee678]" started-at="2024-12-11T18:04:42 MEZ" name="_Test4" data-provider="myData" finished-at="2024-12-11T18:04:42 MEZ" duration-ms="423" status="PASS">
          <params>
            <param index="0">
              <value>
                <![CDATA[leila@io.com]]>
              </value>
            </param>
            <param index="1">
              <value>
                <![CDATA[line]]>
              </value>
            </param>
          </params>
          <reporter-output>
          </reporter-output>
        </test-method> <!-- _Test4 -->
        <test-method is-config="true" signature="tearDown(org.testng.ITestResult)[pri:0, instance:executors.SauceDemoTest@3d2ee678]" started-at="2024-12-11T18:04:42 MEZ" name="tearDown" finished-at="2024-12-11T18:04:42 MEZ" duration-ms="172" status="PASS">
          <params>
            <param index="0">
              <value>
                <![CDATA[[TestResult name=_Test4 status=SUCCESS method=SauceDemoTest._Test4(java.lang.String,java.lang.String)[pri:0, instance:executors.SauceDemoTest@3d2ee678] output={null}]]]>
              </value>
            </param>
          </params>
          <reporter-output>
          </reporter-output>
        </test-method> <!-- tearDown -->
        <test-method is-config="true" signature="setUp()[pri:0, instance:executors.SauceDemoTest@3d2ee678]" started-at="2024-12-11T18:04:42 MEZ" name="setUp" finished-at="2024-12-11T18:04:42 MEZ" duration-ms="103" status="PASS">
          <reporter-output>
          </reporter-output>
        </test-method> <!-- setUp -->
        <test-method signature="_Test4(java.lang.String,java.lang.String)[pri:0, instance:executors.SauceDemoTest@3d2ee678]" started-at="2024-12-11T18:04:42 MEZ" name="_Test4" data-provider="myData" finished-at="2024-12-11T18:04:43 MEZ" duration-ms="502" status="PASS">
          <params>
            <param index="0">
              <value>
                <![CDATA[juan@io.com]]>
              </value>
            </param>
            <param index="1">
              <value>
                <![CDATA[square]]>
              </value>
            </param>
          </params>
          <reporter-output>
          </reporter-output>
        </test-method> <!-- _Test4 -->
        <test-method is-config="true" signature="tearDown(org.testng.ITestResult)[pri:0, instance:executors.SauceDemoTest@3d2ee678]" started-at="2024-12-11T18:04:43 MEZ" name="tearDown" finished-at="2024-12-11T18:04:43 MEZ" duration-ms="160" status="PASS">
          <params>
            <param index="0">
              <value>
                <![CDATA[[TestResult name=_Test4 status=SUCCESS method=SauceDemoTest._Test4(java.lang.String,java.lang.String)[pri:0, instance:executors.SauceDemoTest@3d2ee678] output={null}]]]>
              </value>
            </param>
          </params>
          <reporter-output>
          </reporter-output>
        </test-method> <!-- tearDown -->
        <test-method is-config="true" signature="setUp()[pri:0, instance:executors.SauceDemoTest@3d2ee678]" started-at="2024-12-11T18:04:43 MEZ" name="setUp" finished-at="2024-12-11T18:04:43 MEZ" duration-ms="77" status="PASS">
          <reporter-output>
          </reporter-output>
        </test-method> <!-- setUp -->
        <test-method signature="_Test5()[pri:0, instance:executors.SauceDemoTest@3d2ee678]" started-at="2024-12-11T18:04:43 MEZ" name="_Test5" finished-at="2024-12-11T18:04:44 MEZ" duration-ms="462" status="PASS">
          <reporter-output>
          </reporter-output>
        </test-method> <!-- _Test5 -->
        <test-method is-config="true" signature="tearDown(org.testng.ITestResult)[pri:0, instance:executors.SauceDemoTest@3d2ee678]" started-at="2024-12-11T18:04:44 MEZ" name="tearDown" finished-at="2024-12-11T18:04:44 MEZ" duration-ms="179" status="PASS">
          <params>
            <param index="0">
              <value>
                <![CDATA[[TestResult name=_Test5 status=SUCCESS method=SauceDemoTest._Test5()[pri:0, instance:executors.SauceDemoTest@3d2ee678] output={null}]]]>
              </value>
            </param>
          </params>
          <reporter-output>
          </reporter-output>
        </test-method> <!-- tearDown -->
        <test-method is-config="true" signature="setUp()[pri:0, instance:executors.SauceDemoTest@3d2ee678]" started-at="2024-12-11T18:04:44 MEZ" name="setUp" finished-at="2024-12-11T18:04:44 MEZ" duration-ms="144" status="PASS">
          <reporter-output>
          </reporter-output>
        </test-method> <!-- setUp -->
        <test-method signature="_Test6()[pri:0, instance:executors.SauceDemoTest@3d2ee678]" started-at="2024-12-11T18:04:44 MEZ" name="_Test6" finished-at="2024-12-11T18:04:47 MEZ" duration-ms="3419" status="PASS">
          <reporter-output>
          </reporter-output>
        </test-method> <!-- _Test6 -->
        <test-method is-config="true" signature="tearDown(org.testng.ITestResult)[pri:0, instance:executors.SauceDemoTest@3d2ee678]" started-at="2024-12-11T18:04:47 MEZ" name="tearDown" finished-at="2024-12-11T18:04:47 MEZ" duration-ms="188" status="PASS">
          <params>
            <param index="0">
              <value>
                <![CDATA[[TestResult name=_Test6 status=SUCCESS method=SauceDemoTest._Test6()[pri:0, instance:executors.SauceDemoTest@3d2ee678] output={null}]]]>
              </value>
            </param>
          </params>
          <reporter-output>
          </reporter-output>
        </test-method> <!-- tearDown -->
        <test-method is-config="true" signature="setUp()[pri:0, instance:executors.SauceDemoTest@3d2ee678]" started-at="2024-12-11T18:04:47 MEZ" name="setUp" finished-at="2024-12-11T18:04:48 MEZ" duration-ms="123" status="PASS">
          <reporter-output>
          </reporter-output>
        </test-method> <!-- setUp -->
        <test-method signature="_Test7()[pri:0, instance:executors.SauceDemoTest@3d2ee678]" started-at="2024-12-11T18:04:48 MEZ" name="_Test7" finished-at="2024-12-11T18:04:55 MEZ" duration-ms="6889" status="PASS">
          <reporter-output>
          </reporter-output>
        </test-method> <!-- _Test7 -->
        <test-method is-config="true" signature="tearDown(org.testng.ITestResult)[pri:0, instance:executors.SauceDemoTest@3d2ee678]" started-at="2024-12-11T18:04:55 MEZ" name="tearDown" finished-at="2024-12-11T18:04:55 MEZ" duration-ms="239" status="PASS">
          <params>
            <param index="0">
              <value>
                <![CDATA[[TestResult name=_Test7 status=SUCCESS method=SauceDemoTest._Test7()[pri:0, instance:executors.SauceDemoTest@3d2ee678] output={null}]]]>
              </value>
            </param>
          </params>
          <reporter-output>
          </reporter-output>
        </test-method> <!-- tearDown -->
        <test-method is-config="true" signature="setUp()[pri:0, instance:executors.SauceDemoTest@3d2ee678]" started-at="2024-12-11T18:04:55 MEZ" name="setUp" finished-at="2024-12-11T18:04:55 MEZ" duration-ms="136" status="PASS">
          <reporter-output>
          </reporter-output>
        </test-method> <!-- setUp -->
        <test-method signature="_Test8()[pri:0, instance:executors.SauceDemoTest@3d2ee678]" started-at="2024-12-11T18:04:55 MEZ" name="_Test8" finished-at="2024-12-11T18:04:56 MEZ" duration-ms="1320" status="PASS">
          <reporter-output>
          </reporter-output>
        </test-method> <!-- _Test8 -->
        <test-method is-config="true" signature="tearDown(org.testng.ITestResult)[pri:0, instance:executors.SauceDemoTest@3d2ee678]" started-at="2024-12-11T18:04:56 MEZ" name="tearDown" finished-at="2024-12-11T18:04:56 MEZ" duration-ms="180" status="PASS">
          <params>
            <param index="0">
              <value>
                <![CDATA[[TestResult name=_Test8 status=SUCCESS method=SauceDemoTest._Test8()[pri:0, instance:executors.SauceDemoTest@3d2ee678] output={null}]]]>
              </value>
            </param>
          </params>
          <reporter-output>
          </reporter-output>
        </test-method> <!-- tearDown -->
        <test-method is-config="true" signature="setUp()[pri:0, instance:executors.SauceDemoTest@3d2ee678]" started-at="2024-12-11T18:04:56 MEZ" name="setUp" finished-at="2024-12-11T18:04:56 MEZ" duration-ms="106" status="PASS">
          <reporter-output>
          </reporter-output>
        </test-method> <!-- setUp -->
        <test-method signature="_Test9()[pri:0, instance:executors.SauceDemoTest@3d2ee678]" started-at="2024-12-11T18:04:56 MEZ" name="_Test9" finished-at="2024-12-11T18:04:57 MEZ" duration-ms="894" status="PASS">
          <reporter-output>
          </reporter-output>
        </test-method> <!-- _Test9 -->
        <test-method is-config="true" signature="tearDown(org.testng.ITestResult)[pri:0, instance:executors.SauceDemoTest@3d2ee678]" started-at="2024-12-11T18:04:57 MEZ" name="tearDown" finished-at="2024-12-11T18:04:58 MEZ" duration-ms="175" status="PASS">
          <params>
            <param index="0">
              <value>
                <![CDATA[[TestResult name=_Test9 status=SUCCESS method=SauceDemoTest._Test9()[pri:0, instance:executors.SauceDemoTest@3d2ee678] output={null}]]]>
              </value>
            </param>
          </params>
          <reporter-output>
          </reporter-output>
        </test-method> <!-- tearDown -->
        <test-method is-config="true" signature="setUp()[pri:0, instance:executors.SauceDemoTest@3d2ee678]" started-at="2024-12-11T18:04:58 MEZ" name="setUp" finished-at="2024-12-11T18:04:58 MEZ" duration-ms="72" status="PASS">
          <reporter-output>
          </reporter-output>
        </test-method> <!-- setUp -->
        <test-method signature="test10()[pri:0, instance:executors.SauceDemoTest@3d2ee678]" started-at="2024-12-11T18:04:58 MEZ" name="test10" finished-at="2024-12-11T18:05:00 MEZ" duration-ms="1895" status="PASS">
          <reporter-output>
          </reporter-output>
        </test-method> <!-- test10 -->
        <test-method is-config="true" signature="tearDown(org.testng.ITestResult)[pri:0, instance:executors.SauceDemoTest@3d2ee678]" started-at="2024-12-11T18:05:00 MEZ" name="tearDown" finished-at="2024-12-11T18:05:00 MEZ" duration-ms="138" status="PASS">
          <params>
            <param index="0">
              <value>
                <![CDATA[[TestResult name=test10 status=SUCCESS method=SauceDemoTest.test10()[pri:0, instance:executors.SauceDemoTest@3d2ee678] output={null}]]]>
              </value>
            </param>
          </params>
          <reporter-output>
          </reporter-output>
        </test-method> <!-- tearDown -->
      </class> <!-- executors.SauceDemoTest -->
    </test> <!-- Surefire test -->
  </suite> <!-- Surefire suite -->
</testng-results>
