<?xml version="1.0" encoding="UTF-8"?>
<testsuite xmlns:xsi="http://www.w3.org/2001/XMLSchema-instance" xsi:noNamespaceSchemaLocation="https://maven.apache.org/surefire/maven-surefire-plugin/xsd/surefire-test-report-3.0.xsd" version="3.0" name="executors.SauceDemoTest" time="37.43" tests="17" errors="0" skipped="0" failures="0">
  <properties>
[...]
</properties>
  <testcase name="_Test1" classname="executors.SauceDemoTest" time="0.68">
    <system-err><![CDATA[SLF4J: Failed to load class "org.slf4j.impl.StaticLoggerBinder".
SLF4J: Defaulting to no-operation (NOP) logger implementation
SLF4J: See http://www.slf4j.org/codes.html#StaticLoggerBinder for further details.
Dez. 11, 2024 6:04:25 PM org.openqa.selenium.devtools.CdpVersionFinder findNearestMatch
WARNING: Unable to find CDP implementation matching 130
Dez. 11, 2024 6:04:25 PM org.openqa.selenium.chromium.ChromiumDriver lambda$new$5
WARNING: Unable to find version of CDP to use for 130.0.6723.117. You may need to include a dependency on a specific version of the CDP using something similar to `org.seleniumhq.selenium:selenium-devtools-v86:4.18.0` where the version ("v86") matches the version of the chromium-based browser you're using and the version number of the artifact is the same as Selenium's.
]]></system-err>
  </testcase>
  <testcase name="_Test2" classname="executors.SauceDemoTest" time="0.299"/>
  <testcase name="_Test3[standard_user, secret_sauce](1)" classname="executors.SauceDemoTest" time="1.328"/>
  <testcase name="_Test3[sauce_user, secret_sauce](2)" classname="executors.SauceDemoTest" time="0.458"/>
  <testcase name="_Test3[problem_user, secret_sauce](3)" classname="executors.SauceDemoTest" time="1.317"/>
  <testcase name="_Test3[visual_user, secret_sauce](4)" classname="executors.SauceDemoTest" time="1.287"/>
  <testcase name="_Test3[performance_glitch_user, secret_sauce](5)" classname="executors.SauceDemoTest" time="6.364"/>
  <testcase name="_Test3[locked_out_user, secret_sauce](6)" classname="executors.SauceDemoTest" time="0.39"/>
  <testcase name="_Test4[sophie@io.com, octagon](1)" classname="executors.SauceDemoTest" time="0.39"/>
  <testcase name="_Test4[leila@io.com, line](2)" classname="executors.SauceDemoTest" time="0.423"/>
  <testcase name="_Test4[juan@io.com, square](3)" classname="executors.SauceDemoTest" time="0.502"/>
  <testcase name="_Test5" classname="executors.SauceDemoTest" time="0.461"/>
  <testcase name="_Test6" classname="executors.SauceDemoTest" time="3.416"/>
  <testcase name="_Test7" classname="executors.SauceDemoTest" time="6.913">
    <system-out><![CDATA[price of backpack: 29.99
price of fleece jacket: 49.99
price of onesie: 7.99
price in the cart of backpack: 29.99
price in the cart of fleecejackt: 49.99
price in the cart of onsie: 7.99
price in overview of backpack: 29.99
price in overview of fleece jacket: 49.99
price in overview of onesie: 7.99
total price displayed : 87.97
total price calculated :87.97
prices remained unchanged
]]></system-out>
  </testcase>
  <testcase name="_Test8" classname="executors.SauceDemoTest" time="1.336">
    <system-out><![CDATA[price of backpack: 91.37
price of fleece jacket: 63.96
price of onesie: 11.93
price in the cart of backpack: 29.99
price in the cart of fleecejackt: 49.99
price in the cart of onsie: 7.99
price in overview of backpack: 29.99
price in overview of fleece jacket: 49.99
price in overview of onesie: 7.99
total price displayed : 87.97
total price calculated :167.26000000000002
first price changed
second price changed
third price changed
]]></system-out>
  </testcase>
  <testcase name="_Test9" classname="executors.SauceDemoTest" time="0.897"/>
  <testcase name="test10" classname="executors.SauceDemoTest" time="1.895"/>
</testsuite>