<?xml version="1.0" encoding="UTF-8"?>
<testng-results ignored="0" total="2" passed="2" failed="0" skipped="0">
  <reporter-output>
  </reporter-output>
  <suite started-at="2024-12-10T11:57:47 MEZ" name="Default suite" finished-at="2024-12-10T11:58:00 MEZ" duration-ms="12911">
    <groups>
      <group name="GSgroup">
        <method signature="PerformanceTest.test_performance1()[pri:0, instance:executors.PerformanceTest@6b5176f2]" name="test_performance1" class="executors.PerformanceTest"/>
        <method signature="PerformanceTest.test_performance2()[pri:0, instance:executors.PerformanceTest@6b5176f2]" name="test_performance2" class="executors.PerformanceTest"/>
      </group> <!-- GSgroup -->
    </groups>
    <test started-at="2024-12-10T11:57:47 MEZ" name="Default test" finished-at="2024-12-10T11:58:00 MEZ" duration-ms="12911">
      <class name="executors.PerformanceTest">
        <test-method is-config="true" signature="setUp()[pri:0, instance:executors.PerformanceTest@6b5176f2]" started-at="2024-12-10T11:57:47 MEZ" name="setUp" finished-at="2024-12-10T11:57:49 MEZ" duration-ms="1861" status="PASS">
          <reporter-output>
          </reporter-output>
        </test-method> <!-- setUp -->
        <test-method signature="test_performance1()[pri:0, instance:executors.PerformanceTest@6b5176f2]" started-at="2024-12-10T11:57:49 MEZ" name="test_performance1" finished-at="2024-12-10T11:57:52 MEZ" duration-ms="2503" status="PASS">
          <reporter-output>
          </reporter-output>
        </test-method> <!-- test_performance1 -->
        <test-method is-config="true" signature="tearDown(org.testng.ITestResult)[pri:0, instance:executors.PerformanceTest@6b5176f2]" started-at="2024-12-10T11:57:52 MEZ" name="tearDown" finished-at="2024-12-10T11:57:52 MEZ" duration-ms="623" status="PASS">
          <params>
            <param index="0">
              <value>
                <![CDATA[[TestResult name=test_performance1 status=SUCCESS method=PerformanceTest.test_performance1()[pri:0, instance:executors.PerformanceTest@6b5176f2] output={null}]]]>
              </value>
            </param>
          </params>
          <reporter-output>
          </reporter-output>
        </test-method> <!-- tearDown -->
        <test-method is-config="true" signature="setUp()[pri:0, instance:executors.PerformanceTest@6b5176f2]" started-at="2024-12-10T11:57:52 MEZ" name="setUp" finished-at="2024-12-10T11:57:52 MEZ" duration-ms="204" status="PASS">
          <reporter-output>
          </reporter-output>
        </test-method> <!-- setUp -->
        <test-method signature="test_performance2()[pri:0, instance:executors.PerformanceTest@6b5176f2]" started-at="2024-12-10T11:57:52 MEZ" name="test_performance2" finished-at="2024-12-10T11:58:00 MEZ" duration-ms="7410" status="PASS">
          <reporter-output>
          </reporter-output>
        </test-method> <!-- test_performance2 -->
        <test-method is-config="true" signature="tearDown(org.testng.ITestResult)[pri:0, instance:executors.PerformanceTest@6b5176f2]" started-at="2024-12-10T11:58:00 MEZ" name="tearDown" finished-at="2024-12-10T11:58:00 MEZ" duration-ms="228" status="PASS">
          <params>
            <param index="0">
              <value>
                <![CDATA[[TestResult name=test_performance2 status=SUCCESS method=PerformanceTest.test_performance2()[pri:0, instance:executors.PerformanceTest@6b5176f2] output={null}]]]>
              </value>
            </param>
          </params>
          <reporter-output>
          </reporter-output>
        </test-method> <!-- tearDown -->
      </class> <!-- executors.PerformanceTest -->
    </test> <!-- Default test -->
  </suite> <!-- Default suite -->
</testng-results>
